BATCH_SIZE: 8
PROBLEM:
  TYPE: 2GM
  UNSUPERVISED: False
  RESCALE: [256, 256]
  FILTER: intersection
  MAX_PROB_SIZE: -1
  NUM_GRAPHS: 3
  NUM_CLUSTERS: 1
  TEST_ALL_GRAPHS: False
  TRAIN_ALL_GRAPHS: False
GRAPH:
  SRC_GRAPH_CONSTRUCT: tri
  TGT_GRAPH_CONSTRUCT: fc
  SYM_ADJACENCY: True
  PADDING: 23
TRAIN:
  EPOCH_ITERS: 2000
  START_EPOCH: 0
  NUM_EPOCHS: 10
  OPTIMIZER: SGD
  LR: 0.001
  SEPARATE_BACKBONE_LR: False
  BACKBONE_LR: 0.01
  LR_DECAY: 0.1
  LR_STEP: [2]
  MOMENTUM: 0.9
  RLOSS_NORM: 256
  CLASS: none
  LOSS_FUNC: offset
EVAL:
  EPOCH: 10
  SAMPLES: 1000
  CLASS: all
BACKBONE: VGG16_bn
GPUS: [0]
DATALOADER_NUM: 2
PRETRAINED_PATH: ThinkMatchPretrained/pretrained_params_vgg16_gmn_voc.pt
NORM_MEANS: [0.485, 0.456, 0.406]
NORM_STD: [0.229, 0.224, 0.225]
CACHE_PATH: data/cache
MODEL_NAME: vgg16_gmn
DATASET_NAME: voc
DATASET_FULL_NAME: PascalVOC
MODULE: models.GMN.model
OUTPUT_PATH: output/vgg16_gmn_voc
STATISTIC_STEP: 100
RANDOM_SEED: 123
FP16: False
GMN:
  FEATURE_CHANNEL: 512
  PI_ITER_NUM: 25
  PI_STOP_THRESH: 0.001
  BS_ITER_NUM: 20
  BS_EPSILON: 1e-10
  VOTING_ALPHA: 200.0
  GM_SOLVER: SM
Start training...
model on device: cuda:0
Loading model parameters from ThinkMatchPretrained/pretrained_params_vgg16_gmn_voc.pt
Epoch 0/9
----------
lr = 1.00e-03
Epoch 0    Iteration 100  5.95sample/s Loss=0.9679  
Epoch 0    Iteration 200  6.33sample/s Loss=0.9414  
Epoch 0    Iteration 300  6.35sample/s Loss=0.9600  
Epoch 0    Iteration 400  6.27sample/s Loss=1.0141  
Epoch 0    Iteration 500  6.30sample/s Loss=0.9763  
Epoch 0    Iteration 600  6.32sample/s Loss=0.9688  
Epoch 0    Iteration 700  6.28sample/s Loss=1.0058  
Epoch 0    Iteration 800  6.33sample/s Loss=0.9961  
Epoch 0    Iteration 900  6.27sample/s Loss=0.9273  
Epoch 0    Iteration 1000 6.30sample/s Loss=0.9082  
Epoch 0    Iteration 1100 6.33sample/s Loss=0.9163  
Epoch 0    Iteration 1200 6.27sample/s Loss=0.9393  
Epoch 0    Iteration 1300 6.35sample/s Loss=0.9130  
Epoch 0    Iteration 1400 6.37sample/s Loss=0.8965  
Epoch 0    Iteration 1500 6.27sample/s Loss=0.9457  
Epoch 0    Iteration 1600 6.24sample/s Loss=0.9331  
Epoch 0    Iteration 1700 6.36sample/s Loss=0.8772  
Epoch 0    Iteration 1800 6.30sample/s Loss=0.9327  
Epoch 0    Iteration 1900 6.35sample/s Loss=0.8648  
Epoch 0    Iteration 2000 6.28sample/s Loss=0.9338  
Epoch 0    Loss: 0.9409

Start evaluation...
Matching accuracy
aeroplane: p = 0.4156±0.2570, r = 0.4156±0.2570, f1 = 0.4156±0.2570, cvg = 0.1084
bicycle: p = 0.5779±0.2423, r = 0.5779±0.2423, f1 = 0.5779±0.2423, cvg = 0.7257
bird: p = 0.5754±0.3257, r = 0.5754±0.3257, f1 = 0.5754±0.3257, cvg = 0.1418
boat: p = 0.4813±0.3525, r = 0.4813±0.3525, f1 = 0.4813±0.3525, cvg = 0.2505
bottle: p = 0.7647±0.3410, r = 0.7647±0.3410, f1 = 0.7647±0.3410, cvg = 0.1396
bus: p = 0.6833±0.4017, r = 0.6833±0.4017, f1 = 0.6833±0.4017, cvg = 0.7142
car: p = 0.6325±0.3111, r = 0.6325±0.3111, f1 = 0.6325±0.3111, cvg = 0.0761
cat: p = 0.6481±0.2953, r = 0.6481±0.2953, f1 = 0.6481±0.2953, cvg = 0.1974
chair: p = 0.3953±0.3076, r = 0.3953±0.3076, f1 = 0.3953±0.3076, cvg = 0.4895
cow: p = 0.6021±0.2548, r = 0.6021±0.2548, f1 = 0.6021±0.2548, cvg = 0.6519
diningtable: p = 0.7767±0.2404, r = 0.7767±0.2404, f1 = 0.7767±0.2404, cvg = 1.0000
dog: p = 0.6143±0.2879, r = 0.6143±0.2879, f1 = 0.6143±0.2879, cvg = 0.0929
horse: p = 0.6081±0.2528, r = 0.6081±0.2528, f1 = 0.6081±0.2528, cvg = 0.9495
motorbike: p = 0.6047±0.2573, r = 0.6047±0.2573, f1 = 0.6047±0.2573, cvg = 0.5627
person: p = 0.3616±0.2178, r = 0.3616±0.2178, f1 = 0.3616±0.2178, cvg = 0.0827
pottedplant: p = 0.7439±0.3103, r = 0.7439±0.3103, f1 = 0.7439±0.3103, cvg = 0.2057
sheep: p = 0.6557±0.2753, r = 0.6557±0.2753, f1 = 0.6557±0.2753, cvg = 0.2944
sofa: p = 0.4166±0.2721, r = 0.4166±0.2721, f1 = 0.4166±0.2721, cvg = 0.9643
train: p = 0.8305±0.2830, r = 0.8305±0.2830, f1 = 0.8305±0.2830, cvg = 0.6768
tvmonitor: p = 0.8915±0.2635, r = 0.8915±0.2635, f1 = 0.8915±0.2635, cvg = 0.2442
average accuracy: p = 0.6140±0.2875, r = 0.6140±0.2875, f1 = 0.6140±0.2875
Evaluation complete in 27m 2s
Normalized objective score
aeroplane = 1.0856
bicycle = 1.0630
bird = 1.0522
boat = 1.0789
bottle = 1.2915
bus = 1.0981
car = 1.0351
cat = 1.0433
chair = 0.8907
cow = 1.0380
diningtable = 1.0346
dog = 1.0466
horse = 1.0329
motorbike = 1.0452
person = 1.0753
pottedplant = 1.0221
sheep = 1.0211
sofa = 1.0940
train = 1.0223
tvmonitor = 1.0200
average objscore = 1.0545
Predict time
aeroplane = 0.0930±0.0043
bicycle = 0.0981±0.0038
bird = 0.0808±0.0033
boat = 0.0756±0.0025
bottle = 0.0873±0.0024
bus = 0.0753±0.0024
car = 0.0775±0.0029
cat = 0.0897±0.0045
chair = 0.0846±0.0034
cow = 0.0956±0.0062
diningtable = 0.0757±0.0023
dog = 0.0894±0.0054
horse = 0.0939±0.0057
motorbike = 0.0849±0.0034
person = 0.1048±0.0057
pottedplant = 0.0773±0.0027
sheep = 0.0853±0.0049
sofa = 0.0816±0.0019
train = 0.0690±0.0017
tvmonitor = 0.0714±0.0015
average time = 0.0852±0.0103
gt perm mat cache deleted
Epoch 1/9
----------
lr = 1.00e-03
Epoch 1    Iteration 100  6.30sample/s Loss=0.8949  
Epoch 1    Iteration 200  6.28sample/s Loss=0.8930  
Epoch 1    Iteration 300  6.31sample/s Loss=0.8771  
Epoch 1    Iteration 400  6.29sample/s Loss=0.8713  
Epoch 1    Iteration 500  6.21sample/s Loss=0.8695  
Epoch 1    Iteration 600  6.27sample/s Loss=0.9045  
Epoch 1    Iteration 700  6.29sample/s Loss=0.8832  
Epoch 1    Iteration 800  6.32sample/s Loss=0.9291  
Epoch 1    Iteration 900  6.27sample/s Loss=0.8696  
Epoch 1    Iteration 1000 6.40sample/s Loss=0.8541  
Epoch 1    Iteration 1100 6.31sample/s Loss=0.8293  
Epoch 1    Iteration 1200 6.35sample/s Loss=0.8210  
Epoch 1    Iteration 1300 6.35sample/s Loss=0.8585  
Epoch 1    Iteration 1400 6.31sample/s Loss=0.8950  
Epoch 1    Iteration 1500 6.40sample/s Loss=0.8384  
Epoch 1    Iteration 1600 6.31sample/s Loss=0.9031  
Epoch 1    Iteration 1700 6.31sample/s Loss=0.8560  
Epoch 1    Iteration 1800 6.29sample/s Loss=0.8416  
Epoch 1    Iteration 1900 6.42sample/s Loss=0.8018  
Epoch 1    Iteration 2000 6.28sample/s Loss=0.8477  
Epoch 1    Loss: 0.8669

Start evaluation...
Matching accuracy
aeroplane: p = 0.4154±0.2532, r = 0.4154±0.2532, f1 = 0.4154±0.2532, cvg = 0.1084
bicycle: p = 0.5582±0.2455, r = 0.5582±0.2455, f1 = 0.5582±0.2455, cvg = 0.7257
bird: p = 0.5798±0.3287, r = 0.5798±0.3287, f1 = 0.5798±0.3287, cvg = 0.1418
boat: p = 0.4818±0.3527, r = 0.4818±0.3527, f1 = 0.4818±0.3527, cvg = 0.2505
bottle: p = 0.7824±0.3373, r = 0.7824±0.3373, f1 = 0.7824±0.3373, cvg = 0.1396
bus: p = 0.6792±0.3882, r = 0.6792±0.3882, f1 = 0.6792±0.3882, cvg = 0.7142
car: p = 0.6538±0.3109, r = 0.6538±0.3109, f1 = 0.6538±0.3109, cvg = 0.0761
cat: p = 0.6486±0.3036, r = 0.6486±0.3036, f1 = 0.6486±0.3036, cvg = 0.1974
chair: p = 0.4056±0.3012, r = 0.4056±0.3012, f1 = 0.4056±0.3012, cvg = 0.4895
cow: p = 0.6063±0.2520, r = 0.6063±0.2520, f1 = 0.6063±0.2520, cvg = 0.6519
diningtable: p = 0.7200±0.3219, r = 0.7200±0.3219, f1 = 0.7200±0.3219, cvg = 1.0000
dog: p = 0.6152±0.2967, r = 0.6152±0.2967, f1 = 0.6152±0.2967, cvg = 0.0929
horse: p = 0.6089±0.2429, r = 0.6089±0.2429, f1 = 0.6089±0.2429, cvg = 0.9495
motorbike: p = 0.5888±0.2599, r = 0.5888±0.2599, f1 = 0.5888±0.2599, cvg = 0.5627
person: p = 0.3722±0.2195, r = 0.3722±0.2195, f1 = 0.3722±0.2195, cvg = 0.0827
pottedplant: p = 0.7645±0.2969, r = 0.7645±0.2969, f1 = 0.7645±0.2969, cvg = 0.2057
sheep: p = 0.6409±0.2770, r = 0.6409±0.2770, f1 = 0.6409±0.2770, cvg = 0.2944
sofa: p = 0.4185±0.2998, r = 0.4185±0.2998, f1 = 0.4185±0.2998, cvg = 0.9643
train: p = 0.8301±0.2863, r = 0.8301±0.2863, f1 = 0.8301±0.2863, cvg = 0.6768
tvmonitor: p = 0.8957±0.2750, r = 0.8957±0.2750, f1 = 0.8957±0.2750, cvg = 0.2442
average accuracy: p = 0.6133±0.2925, r = 0.6133±0.2925, f1 = 0.6133±0.2925
Evaluation complete in 26m 56s
Normalized objective score
aeroplane = 1.0879
bicycle = 1.0786
bird = 1.0534
boat = 1.0734
bottle = 1.7322
bus = 1.0855
car = 1.0316
cat = 1.0470
chair = 1.0476
cow = 1.0340
diningtable = 1.0252
dog = 1.0483
horse = 1.0349
motorbike = 1.0508
person = 1.0695
pottedplant = 1.0186
sheep = 1.0228
sofa = 1.1205
train = 1.0252
tvmonitor = 1.0329
average objscore = 1.0860
Predict time
aeroplane = 0.0931±0.0042
bicycle = 0.0973±0.0034
bird = 0.0805±0.0139
boat = 0.0764±0.0093
bottle = 0.0873±0.0024
bus = 0.0752±0.0020
car = 0.0775±0.0033
cat = 0.0896±0.0041
chair = 0.0846±0.0037
cow = 0.0950±0.0052
diningtable = 0.0764±0.0005
dog = 0.0884±0.0041
horse = 0.0945±0.0056
motorbike = 0.0856±0.0039
person = 0.1054±0.0062
pottedplant = 0.0764±0.0021
sheep = 0.0850±0.0116
sofa = 0.0798±0.0028
train = 0.0692±0.0018
tvmonitor = 0.0713±0.0012
average time = 0.0851±0.0112
gt perm mat cache deleted
Epoch 2/9
----------
lr = 1.00e-04
Epoch 2    Iteration 100  6.26sample/s Loss=0.7370  
Epoch 2    Iteration 200  6.33sample/s Loss=0.7043  
Epoch 2    Iteration 300  6.34sample/s Loss=0.7122  
Epoch 2    Iteration 400  6.30sample/s Loss=0.6877  
Epoch 2    Iteration 500  6.29sample/s Loss=0.6929  
Epoch 2    Iteration 600  6.29sample/s Loss=0.6923  
Epoch 2    Iteration 700  6.32sample/s Loss=0.6632  
Epoch 2    Iteration 800  6.39sample/s Loss=0.7226  
Epoch 2    Iteration 900  6.30sample/s Loss=0.6467  
Epoch 2    Iteration 1000 6.39sample/s Loss=0.6365  
Epoch 2    Iteration 1100 6.33sample/s Loss=0.6235  
Epoch 2    Iteration 1200 6.39sample/s Loss=0.5975  
Epoch 2    Iteration 1300 6.41sample/s Loss=0.6284  
Epoch 2    Iteration 1400 6.39sample/s Loss=0.6524  
Epoch 2    Iteration 1500 6.47sample/s Loss=0.5955  
Epoch 2    Iteration 1600 6.33sample/s Loss=0.6508  
Epoch 2    Iteration 1700 6.33sample/s Loss=0.6039  
Epoch 2    Iteration 1800 6.40sample/s Loss=0.5874  
Epoch 2    Iteration 1900 6.40sample/s Loss=0.5554  
Epoch 2    Iteration 2000 6.31sample/s Loss=0.6066  
Epoch 2    Loss: 0.6499

Start evaluation...
Matching accuracy
aeroplane: p = 0.4220±0.2606, r = 0.4220±0.2606, f1 = 0.4220±0.2606, cvg = 0.1084
bicycle: p = 0.5867±0.2512, r = 0.5867±0.2512, f1 = 0.5867±0.2512, cvg = 0.7257
bird: p = 0.5987±0.3257, r = 0.5987±0.3257, f1 = 0.5987±0.3257, cvg = 0.1418
boat: p = 0.5106±0.3441, r = 0.5106±0.3441, f1 = 0.5106±0.3441, cvg = 0.2505
bottle: p = 0.7863±0.3394, r = 0.7863±0.3394, f1 = 0.7863±0.3394, cvg = 0.1396
bus: p = 0.6978±0.3857, r = 0.6978±0.3857, f1 = 0.6978±0.3857, cvg = 0.7142
car: p = 0.6570±0.3091, r = 0.6570±0.3091, f1 = 0.6570±0.3091, cvg = 0.0761
cat: p = 0.6577±0.3014, r = 0.6577±0.3014, f1 = 0.6577±0.3014, cvg = 0.1974
chair: p = 0.4211±0.2975, r = 0.4211±0.2975, f1 = 0.4211±0.2975, cvg = 0.4895
cow: p = 0.6089±0.2486, r = 0.6089±0.2486, f1 = 0.6089±0.2486, cvg = 0.6519
diningtable: p = 0.6517±0.2997, r = 0.6517±0.2997, f1 = 0.6517±0.2997, cvg = 1.0000
dog: p = 0.6337±0.2921, r = 0.6337±0.2921, f1 = 0.6337±0.2921, cvg = 0.0929
horse: p = 0.6068±0.2527, r = 0.6068±0.2527, f1 = 0.6068±0.2527, cvg = 0.9495
motorbike: p = 0.5999±0.2582, r = 0.5999±0.2582, f1 = 0.5999±0.2582, cvg = 0.5627
person: p = 0.3748±0.2236, r = 0.3748±0.2236, f1 = 0.3748±0.2236, cvg = 0.0827
pottedplant: p = 0.7655±0.2993, r = 0.7655±0.2993, f1 = 0.7655±0.2993, cvg = 0.2057
sheep: p = 0.6497±0.2794, r = 0.6497±0.2794, f1 = 0.6497±0.2794, cvg = 0.2944
sofa: p = 0.4496±0.3010, r = 0.4496±0.3010, f1 = 0.4496±0.3010, cvg = 0.9643
train: p = 0.8478±0.2750, r = 0.8478±0.2750, f1 = 0.8478±0.2750, cvg = 0.6768
tvmonitor: p = 0.9036±0.2550, r = 0.9036±0.2550, f1 = 0.9036±0.2550, cvg = 0.2442
average accuracy: p = 0.6215±0.2900, r = 0.6215±0.2900, f1 = 0.6215±0.2900
Evaluation complete in 27m 0s
Normalized objective score
aeroplane = 1.0956
bicycle = 1.0715
bird = 1.0542
boat = 1.0749
bottle = 1.1031
bus = 1.0808
car = 1.0372
cat = 1.0518
chair = 1.1514
cow = 1.0383
diningtable = 1.0432
dog = 1.0502
horse = 1.0394
motorbike = 1.0483
person = 1.0861
pottedplant = 1.0243
sheep = 1.0241
sofa = 1.1359
train = 1.0259
tvmonitor = 1.0303
average objscore = 1.0633
Predict time
aeroplane = 0.0930±0.0079
bicycle = 0.0987±0.0037
bird = 0.0811±0.0031
boat = 0.0763±0.0028
bottle = 0.0878±0.0022
bus = 0.0760±0.0024
car = 0.0775±0.0030
cat = 0.0899±0.0048
chair = 0.0857±0.0039
cow = 0.0951±0.0048
diningtable = 0.0775±0.0045
dog = 0.0886±0.0040
horse = 0.0946±0.0055
motorbike = 0.0850±0.0038
person = 0.1047±0.0056
pottedplant = 0.0764±0.0018
sheep = 0.0855±0.0050
sofa = 0.0808±0.0016
train = 0.0697±0.0020
tvmonitor = 0.0717±0.0018
average time = 0.0854±0.0102
gt perm mat cache deleted
Epoch 3/9
----------
lr = 1.00e-04
Epoch 3    Iteration 100  6.34sample/s Loss=0.6169  
Epoch 3    Iteration 200  6.33sample/s Loss=0.6119  
Epoch 3    Iteration 300  6.33sample/s Loss=0.6164  
Epoch 3    Iteration 400  6.33sample/s Loss=0.6038  
Epoch 3    Iteration 500  6.29sample/s Loss=0.6048  
Epoch 3    Iteration 600  6.33sample/s Loss=0.6029  
Epoch 3    Iteration 700  6.35sample/s Loss=0.5892  
Epoch 3    Iteration 800  6.38sample/s Loss=0.6514  
Epoch 3    Iteration 900  6.30sample/s Loss=0.5687  
Epoch 3    Iteration 1000 6.39sample/s Loss=0.5608  
Epoch 3    Iteration 1100 6.33sample/s Loss=0.5524  
Epoch 3    Iteration 1200 6.36sample/s Loss=0.5299  
Epoch 3    Iteration 1300 6.39sample/s Loss=0.5607  
Epoch 3    Iteration 1400 6.37sample/s Loss=0.5852  
Epoch 3    Iteration 1500 6.40sample/s Loss=0.5443  
Epoch 3    Iteration 1600 6.30sample/s Loss=0.5953  
Epoch 3    Iteration 1700 6.32sample/s Loss=0.5476  
Epoch 3    Iteration 1800 6.37sample/s Loss=0.5373  
Epoch 3    Iteration 1900 6.42sample/s Loss=0.5113  
Epoch 3    Iteration 2000 6.31sample/s Loss=0.5635  
Epoch 3    Loss: 0.5777

Start evaluation...
Matching accuracy
aeroplane: p = 0.4254±0.2636, r = 0.4254±0.2636, f1 = 0.4254±0.2636, cvg = 0.1084
bicycle: p = 0.5810±0.2496, r = 0.5810±0.2496, f1 = 0.5810±0.2496, cvg = 0.7257
bird: p = 0.5920±0.3261, r = 0.5920±0.3261, f1 = 0.5920±0.3261, cvg = 0.1418
boat: p = 0.5026±0.3400, r = 0.5026±0.3400, f1 = 0.5026±0.3400, cvg = 0.2505
bottle: p = 0.7816±0.3434, r = 0.7816±0.3434, f1 = 0.7816±0.3434, cvg = 0.1396
bus: p = 0.6950±0.3863, r = 0.6950±0.3863, f1 = 0.6950±0.3863, cvg = 0.7142
car: p = 0.6576±0.3112, r = 0.6576±0.3112, f1 = 0.6576±0.3112, cvg = 0.0761
cat: p = 0.6580±0.3039, r = 0.6580±0.3039, f1 = 0.6580±0.3039, cvg = 0.1974
chair: p = 0.4174±0.2943, r = 0.4174±0.2943, f1 = 0.4174±0.2943, cvg = 0.4895
cow: p = 0.6036±0.2472, r = 0.6036±0.2472, f1 = 0.6036±0.2472, cvg = 0.6519
diningtable: p = 0.6183±0.2767, r = 0.6183±0.2767, f1 = 0.6183±0.2767, cvg = 1.0000
dog: p = 0.6316±0.2893, r = 0.6316±0.2893, f1 = 0.6316±0.2893, cvg = 0.0929
horse: p = 0.6049±0.2513, r = 0.6049±0.2513, f1 = 0.6049±0.2513, cvg = 0.9495
motorbike: p = 0.5885±0.2637, r = 0.5885±0.2637, f1 = 0.5885±0.2637, cvg = 0.5627
person: p = 0.3726±0.2208, r = 0.3726±0.2208, f1 = 0.3726±0.2208, cvg = 0.0827
pottedplant: p = 0.7529±0.3060, r = 0.7529±0.3060, f1 = 0.7529±0.3060, cvg = 0.2057
sheep: p = 0.6530±0.2735, r = 0.6530±0.2735, f1 = 0.6530±0.2735, cvg = 0.2944
sofa: p = 0.4660±0.3057, r = 0.4660±0.3057, f1 = 0.4660±0.3057, cvg = 0.9643
train: p = 0.8525±0.2738, r = 0.8525±0.2738, f1 = 0.8525±0.2738, cvg = 0.6768
tvmonitor: p = 0.9004±0.2590, r = 0.9004±0.2590, f1 = 0.9004±0.2590, cvg = 0.2442
average accuracy: p = 0.6178±0.2893, r = 0.6178±0.2893, f1 = 0.6178±0.2893
Evaluation complete in 26m 51s
Normalized objective score
aeroplane = 1.1022
bicycle = 1.0740
bird = 1.0604
boat = 1.0784
bottle = 1.3612
bus = 1.0932
car = 1.0362
cat = 1.0562
chair = 1.1720
cow = 1.0407
diningtable = 1.0592
dog = 1.0544
horse = 1.0422
motorbike = 1.0525
person = 1.0939
pottedplant = 1.0291
sheep = 1.0266
sofa = 1.1476
train = 1.0267
tvmonitor = 1.0294
average objscore = 1.0818
Predict time
aeroplane = 0.0924±0.0042
bicycle = 0.0981±0.0043
bird = 0.0800±0.0033
boat = 0.0757±0.0028
bottle = 0.0870±0.0020
bus = 0.0751±0.0022
car = 0.0772±0.0033
cat = 0.0888±0.0042
chair = 0.0844±0.0034
cow = 0.0949±0.0055
diningtable = 0.0749±0.0009
dog = 0.0888±0.0041
horse = 0.0940±0.0056
motorbike = 0.0846±0.0032
person = 0.1054±0.0065
pottedplant = 0.0763±0.0020
sheep = 0.0845±0.0044
sofa = 0.0806±0.0022
train = 0.0693±0.0017
tvmonitor = 0.0710±0.0014
average time = 0.0848±0.0103
gt perm mat cache deleted
Epoch 4/9
----------
lr = 1.00e-04
Epoch 4    Iteration 100  6.29sample/s Loss=0.5550  
Epoch 4    Iteration 200  6.28sample/s Loss=0.5586  
Epoch 4    Iteration 300  6.33sample/s Loss=0.5610  
Epoch 4    Iteration 400  6.28sample/s Loss=0.5491  
Epoch 4    Iteration 500  6.23sample/s Loss=0.5563  
Epoch 4    Iteration 600  6.27sample/s Loss=0.5467  
Epoch 4    Iteration 700  6.30sample/s Loss=0.5432  
Epoch 4    Iteration 800  6.36sample/s Loss=0.5984  
Epoch 4    Iteration 900  6.29sample/s Loss=0.5200  
Epoch 4    Iteration 1000 6.35sample/s Loss=0.5082  
Epoch 4    Iteration 1100 6.29sample/s Loss=0.5043  
Epoch 4    Iteration 1200 6.33sample/s Loss=0.4847  
Epoch 4    Iteration 1300 6.33sample/s Loss=0.5163  
Epoch 4    Iteration 1400 6.30sample/s Loss=0.5397  
Epoch 4    Iteration 1500 6.35sample/s Loss=0.5017  
Epoch 4    Iteration 1600 6.26sample/s Loss=0.5530  
Epoch 4    Iteration 1700 6.23sample/s Loss=0.5085  
Epoch 4    Iteration 1800 6.31sample/s Loss=0.5034  
Epoch 4    Iteration 1900 6.35sample/s Loss=0.4779  
Epoch 4    Iteration 2000 6.25sample/s Loss=0.5259  
Epoch 4    Loss: 0.5306

Start evaluation...
Matching accuracy
aeroplane: p = 0.4261±0.2636, r = 0.4261±0.2636, f1 = 0.4261±0.2636, cvg = 0.1084
bicycle: p = 0.5867±0.2502, r = 0.5867±0.2502, f1 = 0.5867±0.2502, cvg = 0.7257
bird: p = 0.5859±0.3278, r = 0.5859±0.3278, f1 = 0.5859±0.3278, cvg = 0.1418
boat: p = 0.4996±0.3365, r = 0.4996±0.3365, f1 = 0.4996±0.3365, cvg = 0.2505
bottle: p = 0.7791±0.3444, r = 0.7791±0.3444, f1 = 0.7791±0.3444, cvg = 0.1396
bus: p = 0.7019±0.3834, r = 0.7019±0.3834, f1 = 0.7019±0.3834, cvg = 0.7142
car: p = 0.6575±0.3109, r = 0.6575±0.3109, f1 = 0.6575±0.3109, cvg = 0.0761
cat: p = 0.6574±0.3047, r = 0.6574±0.3047, f1 = 0.6574±0.3047, cvg = 0.1974
chair: p = 0.4168±0.2953, r = 0.4168±0.2953, f1 = 0.4168±0.2953, cvg = 0.4895
cow: p = 0.6000±0.2489, r = 0.6000±0.2489, f1 = 0.6000±0.2489, cvg = 0.6519
diningtable: p = 0.6183±0.2767, r = 0.6183±0.2767, f1 = 0.6183±0.2767, cvg = 1.0000
dog: p = 0.6333±0.2859, r = 0.6333±0.2859, f1 = 0.6333±0.2859, cvg = 0.0929
horse: p = 0.5983±0.2520, r = 0.5983±0.2520, f1 = 0.5983±0.2520, cvg = 0.9495
motorbike: p = 0.5859±0.2657, r = 0.5859±0.2657, f1 = 0.5859±0.2657, cvg = 0.5627
person: p = 0.3717±0.2209, r = 0.3717±0.2209, f1 = 0.3717±0.2209, cvg = 0.0827
pottedplant: p = 0.7536±0.3042, r = 0.7536±0.3042, f1 = 0.7536±0.3042, cvg = 0.2057
sheep: p = 0.6516±0.2765, r = 0.6516±0.2765, f1 = 0.6516±0.2765, cvg = 0.2944
sofa: p = 0.4619±0.3082, r = 0.4619±0.3082, f1 = 0.4619±0.3082, cvg = 0.9643
train: p = 0.8512±0.2728, r = 0.8512±0.2728, f1 = 0.8512±0.2728, cvg = 0.6768
tvmonitor: p = 0.8956±0.2623, r = 0.8956±0.2623, f1 = 0.8956±0.2623, cvg = 0.2442
average accuracy: p = 0.6166±0.2895, r = 0.6166±0.2895, f1 = 0.6166±0.2895
Evaluation complete in 27m 6s
Normalized objective score
aeroplane = 1.1112
bicycle = 1.0785
bird = 1.0667
boat = 1.0858
bottle = -14.3424
bus = 1.0953
car = 1.0380
cat = 1.0596
chair = 1.2061
cow = 1.0431
diningtable = 1.0810
dog = 1.0590
horse = 1.0444
motorbike = 1.0553
person = 1.1001
pottedplant = 1.0317
sheep = 1.0287
sofa = 1.1558
train = 1.0281
tvmonitor = 1.0298
average objscore = 0.3028
Predict time
aeroplane = 0.0935±0.0043
bicycle = 0.0985±0.0033
bird = 0.0811±0.0032
boat = 0.0761±0.0026
bottle = 0.0883±0.0030
bus = 0.0756±0.0021
car = 0.0776±0.0029
cat = 0.0897±0.0046
chair = 0.0849±0.0038
cow = 0.0957±0.0051
diningtable = 0.0748±0.0001
dog = 0.0893±0.0042
horse = 0.0951±0.0060
motorbike = 0.0858±0.0034
person = 0.1057±0.0060
pottedplant = 0.0769±0.0022
sheep = 0.0858±0.0050
sofa = 0.0801±0.0020
train = 0.0700±0.0022
tvmonitor = 0.0719±0.0018
average time = 0.0856±0.0103
gt perm mat cache deleted
Epoch 5/9
----------
lr = 1.00e-04
Epoch 5    Iteration 100  6.28sample/s Loss=0.5087  
Epoch 5    Iteration 200  6.26sample/s Loss=0.5170  
Epoch 5    Iteration 300  6.32sample/s Loss=0.5138  
Epoch 5    Iteration 400  6.26sample/s Loss=0.5071  
Epoch 5    Iteration 500  6.21sample/s Loss=0.5201  
Epoch 5    Iteration 600  6.25sample/s Loss=0.5038  
Epoch 5    Iteration 700  6.28sample/s Loss=0.5045  
Epoch 5    Iteration 800  6.35sample/s Loss=0.5541  
Epoch 5    Iteration 900  6.23sample/s Loss=0.4794  
Epoch 5    Iteration 1000 6.30sample/s Loss=0.4674  
Epoch 5    Iteration 1100 6.29sample/s Loss=0.4693  
Epoch 5    Iteration 1200 6.29sample/s Loss=0.4491  
Epoch 5    Iteration 1300 6.29sample/s Loss=0.4813  
Epoch 5    Iteration 1400 6.28sample/s Loss=0.5021  
Epoch 5    Iteration 1500 6.36sample/s Loss=0.4684  
Epoch 5    Iteration 1600 6.22sample/s Loss=0.5201  
Epoch 5    Iteration 1700 6.26sample/s Loss=0.4747  
Epoch 5    Iteration 1800 6.29sample/s Loss=0.4730  
Epoch 5    Iteration 1900 6.34sample/s Loss=0.4498  
Epoch 5    Iteration 2000 6.20sample/s Loss=0.4975  
Epoch 5    Loss: 0.4931

Start evaluation...
Matching accuracy
aeroplane: p = 0.4270±0.2645, r = 0.4270±0.2645, f1 = 0.4270±0.2645, cvg = 0.1084
bicycle: p = 0.5814±0.2498, r = 0.5814±0.2498, f1 = 0.5814±0.2498, cvg = 0.7257
bird: p = 0.5815±0.3277, r = 0.5815±0.3277, f1 = 0.5815±0.3277, cvg = 0.1418
boat: p = 0.4987±0.3363, r = 0.4987±0.3363, f1 = 0.4987±0.3363, cvg = 0.2505
bottle: p = 0.7781±0.3438, r = 0.7781±0.3438, f1 = 0.7781±0.3438, cvg = 0.1396
bus: p = 0.7010±0.3848, r = 0.7010±0.3848, f1 = 0.7010±0.3848, cvg = 0.7142
car: p = 0.6554±0.3081, r = 0.6554±0.3081, f1 = 0.6554±0.3081, cvg = 0.0761
cat: p = 0.6588±0.3062, r = 0.6588±0.3062, f1 = 0.6588±0.3062, cvg = 0.1974
chair: p = 0.4142±0.2968, r = 0.4142±0.2968, f1 = 0.4142±0.2968, cvg = 0.4895
cow: p = 0.5975±0.2483, r = 0.5975±0.2483, f1 = 0.5975±0.2483, cvg = 0.6519
diningtable: p = 0.5983±0.2845, r = 0.5983±0.2845, f1 = 0.5983±0.2845, cvg = 1.0000
dog: p = 0.6314±0.2871, r = 0.6314±0.2871, f1 = 0.6314±0.2871, cvg = 0.0929
horse: p = 0.5941±0.2541, r = 0.5941±0.2541, f1 = 0.5941±0.2541, cvg = 0.9495
motorbike: p = 0.5865±0.2661, r = 0.5865±0.2661, f1 = 0.5865±0.2661, cvg = 0.5627
person: p = 0.3724±0.2203, r = 0.3724±0.2203, f1 = 0.3724±0.2203, cvg = 0.0827
pottedplant: p = 0.7508±0.3048, r = 0.7508±0.3048, f1 = 0.7508±0.3048, cvg = 0.2057
sheep: p = 0.6496±0.2759, r = 0.6496±0.2759, f1 = 0.6496±0.2759, cvg = 0.2944
sofa: p = 0.4566±0.3050, r = 0.4566±0.3050, f1 = 0.4566±0.3050, cvg = 0.9643
train: p = 0.8547±0.2709, r = 0.8547±0.2709, f1 = 0.8547±0.2709, cvg = 0.6768
tvmonitor: p = 0.8942±0.2649, r = 0.8942±0.2649, f1 = 0.8942±0.2649, cvg = 0.2442
average accuracy: p = 0.6141±0.2900, r = 0.6141±0.2900, f1 = 0.6141±0.2900
Evaluation complete in 27m 7s
Normalized objective score
aeroplane = 1.1174
bicycle = 1.0820
bird = 1.0723
boat = 1.0899
bottle = 0.3142
bus = 1.0982
car = 1.0406
cat = 1.0637
chair = 1.2665
cow = 1.0460
diningtable = 1.0901
dog = 1.0626
horse = 1.0467
motorbike = 1.0571
person = 1.1061
pottedplant = 1.0337
sheep = 1.0315
sofa = 1.1573
train = 1.0292
tvmonitor = 1.0292
average objscore = 1.0417
Predict time
aeroplane = 0.0942±0.0049
bicycle = 0.0989±0.0043
bird = 0.0817±0.0034
boat = 0.0766±0.0028
bottle = 0.0880±0.0029
bus = 0.0757±0.0026
car = 0.0778±0.0034
cat = 0.0897±0.0048
chair = 0.0853±0.0035
cow = 0.0958±0.0055
diningtable = 0.0748±0.0008
dog = 0.0895±0.0047
horse = 0.0945±0.0055
motorbike = 0.0860±0.0039
person = 0.1050±0.0058
pottedplant = 0.0767±0.0019
sheep = 0.0861±0.0048
sofa = 0.0828±0.0028
train = 0.0696±0.0020
tvmonitor = 0.0717±0.0017
average time = 0.0857±0.0103
gt perm mat cache deleted
Epoch 6/9
----------
lr = 1.00e-04
Epoch 6    Iteration 100  6.26sample/s Loss=0.4677  
Epoch 6    Iteration 200  6.30sample/s Loss=0.4793  
Epoch 6    Iteration 300  6.31sample/s Loss=0.4758  
Epoch 6    Iteration 400  6.21sample/s Loss=0.4713  
Epoch 6    Iteration 500  6.24sample/s Loss=0.4946  
Epoch 6    Iteration 600  6.33sample/s Loss=0.4763  
Epoch 6    Iteration 700  6.31sample/s Loss=0.4728  
Epoch 6    Iteration 800  6.37sample/s Loss=0.5193  
Epoch 6    Iteration 900  6.29sample/s Loss=0.4513  
Epoch 6    Iteration 1000 6.36sample/s Loss=0.4339  
Epoch 6    Iteration 1100 6.32sample/s Loss=0.4447  
Epoch 6    Iteration 1200 6.38sample/s Loss=0.4234  
Epoch 6    Iteration 1300 6.36sample/s Loss=0.4560  
Epoch 6    Iteration 1400 6.34sample/s Loss=0.4734  
Epoch 6    Iteration 1500 6.38sample/s Loss=0.4424  
Epoch 6    Iteration 1600 6.28sample/s Loss=0.4900  
Epoch 6    Iteration 1700 6.30sample/s Loss=0.4483  
Epoch 6    Iteration 1800 6.33sample/s Loss=0.4501  
Epoch 6    Iteration 1900 6.39sample/s Loss=0.4250  
Epoch 6    Iteration 2000 6.25sample/s Loss=0.4729  
Epoch 6    Loss: 0.4634

Start evaluation...
Matching accuracy
aeroplane: p = 0.4287±0.2643, r = 0.4287±0.2643, f1 = 0.4287±0.2643, cvg = 0.1084
bicycle: p = 0.5769±0.2523, r = 0.5769±0.2523, f1 = 0.5769±0.2523, cvg = 0.7257
bird: p = 0.5769±0.3252, r = 0.5769±0.3252, f1 = 0.5769±0.3252, cvg = 0.1418
boat: p = 0.4999±0.3369, r = 0.4999±0.3369, f1 = 0.4999±0.3369, cvg = 0.2505
bottle: p = 0.7762±0.3434, r = 0.7762±0.3434, f1 = 0.7762±0.3434, cvg = 0.1396
bus: p = 0.6999±0.3839, r = 0.6999±0.3839, f1 = 0.6999±0.3839, cvg = 0.7142
car: p = 0.6493±0.3102, r = 0.6493±0.3102, f1 = 0.6493±0.3102, cvg = 0.0761
cat: p = 0.6562±0.3024, r = 0.6562±0.3024, f1 = 0.6562±0.3024, cvg = 0.1974
chair: p = 0.4181±0.2960, r = 0.4181±0.2960, f1 = 0.4181±0.2960, cvg = 0.4895
cow: p = 0.5940±0.2480, r = 0.5940±0.2480, f1 = 0.5940±0.2480, cvg = 0.6519
diningtable: p = 0.5733±0.3224, r = 0.5733±0.3224, f1 = 0.5733±0.3224, cvg = 1.0000
dog: p = 0.6296±0.2856, r = 0.6296±0.2856, f1 = 0.6296±0.2856, cvg = 0.0929
horse: p = 0.5971±0.2522, r = 0.5971±0.2522, f1 = 0.5971±0.2522, cvg = 0.9495
motorbike: p = 0.5857±0.2683, r = 0.5857±0.2683, f1 = 0.5857±0.2683, cvg = 0.5627
person: p = 0.3721±0.2217, r = 0.3721±0.2217, f1 = 0.3721±0.2217, cvg = 0.0827
pottedplant: p = 0.7530±0.3052, r = 0.7530±0.3052, f1 = 0.7530±0.3052, cvg = 0.2057
sheep: p = 0.6475±0.2764, r = 0.6475±0.2764, f1 = 0.6475±0.2764, cvg = 0.2944
sofa: p = 0.4328±0.3058, r = 0.4328±0.3058, f1 = 0.4328±0.3058, cvg = 0.9643
train: p = 0.8466±0.2783, r = 0.8466±0.2783, f1 = 0.8466±0.2783, cvg = 0.6768
tvmonitor: p = 0.8940±0.2666, r = 0.8940±0.2666, f1 = 0.8940±0.2666, cvg = 0.2442
average accuracy: p = 0.6104±0.2923, r = 0.6104±0.2923, f1 = 0.6104±0.2923
Evaluation complete in 27m 5s
Normalized objective score
aeroplane = 1.1258
bicycle = 1.0835
bird = 1.0783
boat = 1.0963
bottle = 1.0764
bus = 1.0979
car = 1.0415
cat = 1.0667
chair = 1.2910
cow = 1.0486
diningtable = 1.0824
dog = 1.0660
horse = 1.0490
motorbike = 1.0617
person = 1.1110
pottedplant = 1.0358
sheep = 1.0337
sofa = 1.1596
train = 1.0296
tvmonitor = 1.0267
average objscore = 1.0831
Predict time
aeroplane = 0.0942±0.0049
bicycle = 0.0988±0.0035
bird = 0.0811±0.0032
boat = 0.0761±0.0026
bottle = 0.0880±0.0021
bus = 0.0751±0.0021
car = 0.0781±0.0037
cat = 0.0902±0.0046
chair = 0.0847±0.0032
cow = 0.0960±0.0057
diningtable = 0.0767±0.0006
dog = 0.0892±0.0043
horse = 0.0950±0.0057
motorbike = 0.0861±0.0036
person = 0.1057±0.0063
pottedplant = 0.0763±0.0015
sheep = 0.0849±0.0046
sofa = 0.0804±0.0029
train = 0.0693±0.0018
tvmonitor = 0.0717±0.0017
average time = 0.0856±0.0105
gt perm mat cache deleted
Epoch 7/9
----------
lr = 1.00e-04
Epoch 7    Iteration 100  6.28sample/s Loss=0.4368  
Epoch 7    Iteration 200  6.28sample/s Loss=0.4517  
Epoch 7    Iteration 300  6.30sample/s Loss=0.4503  
Epoch 7    Iteration 400  6.24sample/s Loss=0.4458  
Epoch 7    Iteration 500  6.26sample/s Loss=0.4623  
Epoch 7    Iteration 600  6.28sample/s Loss=0.4437  
Epoch 7    Iteration 700  6.28sample/s Loss=0.4380  
Epoch 7    Iteration 800  6.36sample/s Loss=0.4863  
Epoch 7    Iteration 900  6.28sample/s Loss=0.4292  
Epoch 7    Iteration 1000 6.39sample/s Loss=0.4089  
Epoch 7    Iteration 1100 6.30sample/s Loss=0.4192  
Epoch 7    Iteration 1200 6.32sample/s Loss=0.3978  
Epoch 7    Iteration 1300 6.34sample/s Loss=0.4356  
Epoch 7    Iteration 1400 6.33sample/s Loss=0.4481  
Epoch 7    Iteration 1500 6.40sample/s Loss=0.4211  
Epoch 7    Iteration 1600 6.28sample/s Loss=0.4661  
Epoch 7    Iteration 1700 6.29sample/s Loss=0.4249  
Epoch 7    Iteration 1800 6.33sample/s Loss=0.4279  
Epoch 7    Iteration 1900 6.40sample/s Loss=0.4036  
Epoch 7    Iteration 2000 6.27sample/s Loss=0.4514  
Epoch 7    Loss: 0.4374

Start evaluation...
Matching accuracy
aeroplane: p = 0.4259±0.2655, r = 0.4259±0.2655, f1 = 0.4259±0.2655, cvg = 0.1084
bicycle: p = 0.5747±0.2501, r = 0.5747±0.2501, f1 = 0.5747±0.2501, cvg = 0.7257
bird: p = 0.5726±0.3276, r = 0.5726±0.3276, f1 = 0.5726±0.3276, cvg = 0.1418
boat: p = 0.5040±0.3367, r = 0.5040±0.3367, f1 = 0.5040±0.3367, cvg = 0.2505
bottle: p = 0.7744±0.3433, r = 0.7744±0.3433, f1 = 0.7744±0.3433, cvg = 0.1396
bus: p = 0.6989±0.3837, r = 0.6989±0.3837, f1 = 0.6989±0.3837, cvg = 0.7142
car: p = 0.6504±0.3110, r = 0.6504±0.3110, f1 = 0.6504±0.3110, cvg = 0.0761
cat: p = 0.6533±0.3029, r = 0.6533±0.3029, f1 = 0.6533±0.3029, cvg = 0.1974
chair: p = 0.4135±0.2950, r = 0.4135±0.2950, f1 = 0.4135±0.2950, cvg = 0.4895
cow: p = 0.5923±0.2480, r = 0.5923±0.2480, f1 = 0.5923±0.2480, cvg = 0.6519
diningtable: p = 0.5983±0.2845, r = 0.5983±0.2845, f1 = 0.5983±0.2845, cvg = 1.0000
dog: p = 0.6285±0.2861, r = 0.6285±0.2861, f1 = 0.6285±0.2861, cvg = 0.0929
horse: p = 0.5977±0.2507, r = 0.5977±0.2507, f1 = 0.5977±0.2507, cvg = 0.9495
motorbike: p = 0.5864±0.2689, r = 0.5864±0.2689, f1 = 0.5864±0.2689, cvg = 0.5627
person: p = 0.3706±0.2202, r = 0.3706±0.2202, f1 = 0.3706±0.2202, cvg = 0.0827
pottedplant: p = 0.7509±0.3049, r = 0.7509±0.3049, f1 = 0.7509±0.3049, cvg = 0.2057
sheep: p = 0.6485±0.2784, r = 0.6485±0.2784, f1 = 0.6485±0.2784, cvg = 0.2944
sofa: p = 0.4402±0.2898, r = 0.4402±0.2898, f1 = 0.4402±0.2898, cvg = 0.9643
train: p = 0.8453±0.2759, r = 0.8453±0.2759, f1 = 0.8453±0.2759, cvg = 0.6768
tvmonitor: p = 0.8934±0.2685, r = 0.8934±0.2685, f1 = 0.8934±0.2685, cvg = 0.2442
average accuracy: p = 0.6110±0.2896, r = 0.6110±0.2896, f1 = 0.6110±0.2896
Evaluation complete in 27m 7s
Normalized objective score
aeroplane = 1.1313
bicycle = 1.0837
bird = 1.0815
boat = 1.0951
bottle = 1.2379
bus = 1.1001
car = 1.0419
cat = 1.0709
chair = 1.0740
cow = 1.0514
diningtable = 1.1036
dog = 1.0689
horse = 1.0507
motorbike = 1.0623
person = 1.1166
pottedplant = 1.0400
sheep = 1.0345
sofa = 1.1634
train = 1.0315
tvmonitor = 1.0267
average objscore = 1.0833
Predict time
aeroplane = 0.0936±0.0046
bicycle = 0.0988±0.0046
bird = 0.0811±0.0032
boat = 0.0760±0.0027
bottle = 0.0890±0.0107
bus = 0.0756±0.0021
car = 0.0778±0.0033
cat = 0.0905±0.0046
chair = 0.0851±0.0038
cow = 0.0949±0.0055
diningtable = 0.0764±0.0011
dog = 0.0899±0.0043
horse = 0.0946±0.0051
motorbike = 0.0860±0.0036
person = 0.1054±0.0068
pottedplant = 0.0768±0.0019
sheep = 0.0857±0.0057
sofa = 0.0816±0.0022
train = 0.0698±0.0019
tvmonitor = 0.0716±0.0084
average time = 0.0857±0.0108
gt perm mat cache deleted
Epoch 8/9
----------
lr = 1.00e-04
Epoch 8    Iteration 100  6.30sample/s Loss=0.4078  
Epoch 8    Iteration 200  6.29sample/s Loss=0.4288  
Epoch 8    Iteration 300  6.34sample/s Loss=0.4204  
Epoch 8    Iteration 400  6.26sample/s Loss=0.4183  
Epoch 8    Iteration 500  6.25sample/s Loss=0.4364  
Epoch 8    Iteration 600  6.29sample/s Loss=0.4210  
Epoch 8    Iteration 700  6.31sample/s Loss=0.4101  
Epoch 8    Iteration 800  6.37sample/s Loss=0.4619  
Epoch 8    Iteration 900  6.26sample/s Loss=0.4029  
Epoch 8    Iteration 1000 6.36sample/s Loss=0.3856  
Epoch 8    Iteration 1100 6.30sample/s Loss=0.3996  
Epoch 8    Iteration 1200 6.33sample/s Loss=0.3778  
Epoch 8    Iteration 1300 6.34sample/s Loss=0.4178  
Epoch 8    Iteration 1400 6.29sample/s Loss=0.4228  
Epoch 8    Iteration 1500 6.37sample/s Loss=0.3988  
Epoch 8    Iteration 1600 6.25sample/s Loss=0.4449  
Epoch 8    Iteration 1700 6.23sample/s Loss=0.4034  
Epoch 8    Iteration 1800 6.26sample/s Loss=0.4081  
Epoch 8    Iteration 1900 6.37sample/s Loss=0.3853  
Epoch 8    Iteration 2000 6.25sample/s Loss=0.4308  
Epoch 8    Loss: 0.4141

Start evaluation...
Matching accuracy
aeroplane: p = 0.4223±0.2660, r = 0.4223±0.2660, f1 = 0.4223±0.2660, cvg = 0.1084
bicycle: p = 0.5716±0.2504, r = 0.5716±0.2504, f1 = 0.5716±0.2504, cvg = 0.7257
bird: p = 0.5735±0.3254, r = 0.5735±0.3254, f1 = 0.5735±0.3254, cvg = 0.1418
boat: p = 0.4981±0.3337, r = 0.4981±0.3337, f1 = 0.4981±0.3337, cvg = 0.2505
bottle: p = 0.7715±0.3441, r = 0.7715±0.3441, f1 = 0.7715±0.3441, cvg = 0.1396
bus: p = 0.6978±0.3835, r = 0.6978±0.3835, f1 = 0.6978±0.3835, cvg = 0.7142
car: p = 0.6479±0.3082, r = 0.6479±0.3082, f1 = 0.6479±0.3082, cvg = 0.0761
cat: p = 0.6520±0.3065, r = 0.6520±0.3065, f1 = 0.6520±0.3065, cvg = 0.1974
chair: p = 0.4137±0.2913, r = 0.4137±0.2913, f1 = 0.4137±0.2913, cvg = 0.4895
cow: p = 0.5901±0.2493, r = 0.5901±0.2493, f1 = 0.5901±0.2493, cvg = 0.6519
diningtable: p = 0.5733±0.3224, r = 0.5733±0.3224, f1 = 0.5733±0.3224, cvg = 1.0000
dog: p = 0.6240±0.2889, r = 0.6240±0.2889, f1 = 0.6240±0.2889, cvg = 0.0929
horse: p = 0.5978±0.2544, r = 0.5978±0.2544, f1 = 0.5978±0.2544, cvg = 0.9495
motorbike: p = 0.5831±0.2671, r = 0.5831±0.2671, f1 = 0.5831±0.2671, cvg = 0.5627
person: p = 0.3684±0.2181, r = 0.3684±0.2181, f1 = 0.3684±0.2181, cvg = 0.0827
pottedplant: p = 0.7538±0.3018, r = 0.7538±0.3018, f1 = 0.7538±0.3018, cvg = 0.2057
sheep: p = 0.6479±0.2793, r = 0.6479±0.2793, f1 = 0.6479±0.2793, cvg = 0.2944
sofa: p = 0.4229±0.3025, r = 0.4229±0.3025, f1 = 0.4229±0.3025, cvg = 0.9643
train: p = 0.8437±0.2810, r = 0.8437±0.2810, f1 = 0.8437±0.2810, cvg = 0.6768
tvmonitor: p = 0.8939±0.2686, r = 0.8939±0.2686, f1 = 0.8939±0.2686, cvg = 0.2442
average accuracy: p = 0.6074±0.2921, r = 0.6074±0.2921, f1 = 0.6074±0.2921
Evaluation complete in 27m 9s
Normalized objective score
aeroplane = 1.1376
bicycle = 1.0853
bird = 1.0859
boat = 1.0960
bottle = 1.0898
bus = 1.1018
car = 1.0433
cat = 1.0732
chair = 0.8551
cow = 1.0524
diningtable = 1.1081
dog = 1.0728
horse = 1.0538
motorbike = 1.0654
person = 1.1209
pottedplant = 1.0480
sheep = 1.0366
sofa = 1.1746
train = 1.0297
tvmonitor = 1.0254
average objscore = 1.0678
Predict time
aeroplane = 0.0939±0.0049
bicycle = 0.0991±0.0093
bird = 0.0814±0.0035
boat = 0.0760±0.0023
bottle = 0.0885±0.0025
bus = 0.0754±0.0022
car = 0.0777±0.0028
cat = 0.0899±0.0044
chair = 0.0852±0.0042
cow = 0.0960±0.0052
diningtable = 0.0763±0.0011
dog = 0.0896±0.0049
horse = 0.0949±0.0055
motorbike = 0.0857±0.0037
person = 0.1058±0.0061
pottedplant = 0.0768±0.0023
sheep = 0.0857±0.0055
sofa = 0.0817±0.0016
train = 0.0697±0.0018
tvmonitor = 0.0719±0.0017
average time = 0.0857±0.0107
gt perm mat cache deleted
Epoch 9/9
----------
lr = 1.00e-04
Epoch 9    Iteration 100  6.27sample/s Loss=0.3848  
Epoch 9    Iteration 200  6.29sample/s Loss=0.4090  
Epoch 9    Iteration 300  6.27sample/s Loss=0.3954  
Epoch 9    Iteration 400  6.21sample/s Loss=0.3933  
Epoch 9    Iteration 500  6.19sample/s Loss=0.4149  
Epoch 9    Iteration 600  6.24sample/s Loss=0.3963  
Epoch 9    Iteration 700  6.27sample/s Loss=0.3892  
Epoch 9    Iteration 800  6.36sample/s Loss=0.4361  
Epoch 9    Iteration 900  6.27sample/s Loss=0.3839  
Epoch 9    Iteration 1000 6.33sample/s Loss=0.3664  
Epoch 9    Iteration 1100 6.27sample/s Loss=0.3768  
Epoch 9    Iteration 1200 6.32sample/s Loss=0.3560  
Epoch 9    Iteration 1300 6.29sample/s Loss=0.3986  
Epoch 9    Iteration 1400 6.29sample/s Loss=0.4017  
Epoch 9    Iteration 1500 6.35sample/s Loss=0.3809  
Epoch 9    Iteration 1600 6.20sample/s Loss=0.4236  
Epoch 9    Iteration 1700 6.27sample/s Loss=0.3856  
Epoch 9    Iteration 1800 6.27sample/s Loss=0.3897  
Epoch 9    Iteration 1900 6.35sample/s Loss=0.3680  
Epoch 9    Iteration 2000 6.23sample/s Loss=0.4125  
Epoch 9    Loss: 0.3931

Start evaluation...
Matching accuracy
aeroplane: p = 0.4170±0.2637, r = 0.4170±0.2637, f1 = 0.4170±0.2637, cvg = 0.1084
bicycle: p = 0.5653±0.2510, r = 0.5653±0.2510, f1 = 0.5653±0.2510, cvg = 0.7257
bird: p = 0.5730±0.3262, r = 0.5730±0.3262, f1 = 0.5730±0.3262, cvg = 0.1418
boat: p = 0.4989±0.3376, r = 0.4989±0.3376, f1 = 0.4989±0.3376, cvg = 0.2505
bottle: p = 0.7715±0.3424, r = 0.7715±0.3424, f1 = 0.7715±0.3424, cvg = 0.1396
bus: p = 0.6972±0.3843, r = 0.6972±0.3843, f1 = 0.6972±0.3843, cvg = 0.7142
car: p = 0.6466±0.3110, r = 0.6466±0.3110, f1 = 0.6466±0.3110, cvg = 0.0761
cat: p = 0.6513±0.3054, r = 0.6513±0.3054, f1 = 0.6513±0.3054, cvg = 0.1974
chair: p = 0.4088±0.2906, r = 0.4088±0.2906, f1 = 0.4088±0.2906, cvg = 0.4895
cow: p = 0.5921±0.2489, r = 0.5921±0.2489, f1 = 0.5921±0.2489, cvg = 0.6519
diningtable: p = 0.5650±0.3295, r = 0.5650±0.3295, f1 = 0.5650±0.3295, cvg = 1.0000
dog: p = 0.6227±0.2888, r = 0.6227±0.2888, f1 = 0.6227±0.2888, cvg = 0.0929
horse: p = 0.5957±0.2543, r = 0.5957±0.2543, f1 = 0.5957±0.2543, cvg = 0.9495
motorbike: p = 0.5828±0.2652, r = 0.5828±0.2652, f1 = 0.5828±0.2652, cvg = 0.5627
person: p = 0.3682±0.2189, r = 0.3682±0.2189, f1 = 0.3682±0.2189, cvg = 0.0827
pottedplant: p = 0.7522±0.3045, r = 0.7522±0.3045, f1 = 0.7522±0.3045, cvg = 0.2057
sheep: p = 0.6471±0.2779, r = 0.6471±0.2779, f1 = 0.6471±0.2779, cvg = 0.2944
sofa: p = 0.4229±0.3025, r = 0.4229±0.3025, f1 = 0.4229±0.3025, cvg = 0.9643
train: p = 0.8391±0.2822, r = 0.8391±0.2822, f1 = 0.8391±0.2822, cvg = 0.6768
tvmonitor: p = 0.8952±0.2676, r = 0.8952±0.2676, f1 = 0.8952±0.2676, cvg = 0.2442
average accuracy: p = 0.6056±0.2926, r = 0.6056±0.2926, f1 = 0.6056±0.2926
Evaluation complete in 27m 1s
Normalized objective score
aeroplane = 1.1446
bicycle = 1.0863
bird = 1.0902
boat = 2.1923
bottle = 1.2456
bus = 1.1033
car = 1.0451
cat = 1.0769
chair = 1.2177
cow = 1.0547
diningtable = 1.1239
dog = 1.0754
horse = 1.0551
motorbike = 1.0676
person = 1.1256
pottedplant = 1.1151
sheep = 1.0362
sofa = 1.1753
train = 1.0310
tvmonitor = 1.0256
average objscore = 1.1544
Predict time
aeroplane = 0.0939±0.0058
bicycle = 0.0990±0.0035
bird = 0.0811±0.0035
boat = 0.0755±0.0023
bottle = 0.0877±0.0024
bus = 0.0753±0.0029
car = 0.0775±0.0033
cat = 0.0891±0.0042
chair = 0.0846±0.0031
cow = 0.0949±0.0051
diningtable = 0.0805±0.0015
dog = 0.0887±0.0046
horse = 0.0951±0.0060
motorbike = 0.0855±0.0036
person = 0.1056±0.0066
pottedplant = 0.0768±0.0022
sheep = 0.0849±0.0048
sofa = 0.0828±0.0037
train = 0.0692±0.0019
tvmonitor = 0.0718±0.0020
average time = 0.0853±0.0105
gt perm mat cache deleted
Training complete in 11h 33m 19s
